[themes.webdevia.com/flooring/store-tile/index.html]
[backblue.gif]
[fade.gif]
[index.html]
[themes.webdevia.com/flooring/woodworking/wp-content/uploads/sites/3/2019/11/map_transparent_dark@2x2d48.png]
[themes.webdevia.com/flooring/store-tile/wp-includes/css/dist/block-library/style.mincfaa.css]
[themes.webdevia.com/flooring/store-tile/wp-content/plugins/woocommerce/packages/woocommerce-blocks/build/vendors-style5859.css]
[themes.webdevia.com/flooring/store-tile/wp-content/plugins/woocommerce/packages/woocommerce-blocks/build/style5859.css]
[themes.webdevia.com/flooring/store-tile/wp-content/plugins/contact-form-7/includes/css/stylesc225.css]
[themes.webdevia.com/flooring/store-tile/feed/index.html]
[themes.webdevia.com/flooring/store-tile/wp-content/plugins/revslider/public/assets/css/rs642c6.css]
[themes.webdevia.com/flooring/store-tile/wp-content/plugins/svg-support/css/svgs-attachmentcfaa.css]
[themes.webdevia.com/flooring/store-tile/wp-content/plugins/woocommerce/assets/css/woocommerce-layout1852.css]
[themes.webdevia.com/flooring/store-tile/comments/feed/index.html]
[themes.webdevia.com/flooring/store-tile/wp-content/plugins/woocommerce/assets/css/woocommerce-smallscreen1852.css]
[themes.webdevia.com/flooring/store-tile/wp-content/plugins/woocommerce/assets/css/woocommerce1852.css]
[themes.webdevia.com/flooring/store-tile/wp-content/plugins/wd-plugin-demo/buy_section/css/buy_stylecfaa.css]
[themes.webdevia.com/flooring/store-tile/wp-content/themes/flooring/css/owl.carouselcfaa.css]
[themes.webdevia.com/flooring/store-tile/wp-content/themes/flooring/css/owl.themecfaa.css]
[themes.webdevia.com/flooring/store-tile/wp-content/themes/flooring/css/animatecfaa.css]
[themes.webdevia.com/flooring/store-tile/wp-content/themes/flooring/css/swiper.mincfaa.css]
[themes.webdevia.com/flooring/store-tile/wp-content/plugins/js_composer/assets/lib/bower/font-awesome/css/font-awesome.min52c7.css]
[themes.webdevia.com/flooring/store-tile/wp-content/themes/flooring/css/appcfaa.css]
[themes.webdevia.com/flooring/store-tile/wp-content/themes/flooring/stylecfaa.css]
[themes.webdevia.com/flooring/store-tile/wp-content/uploads/sites/4/2021/06/service-bg.jpg]
[themes.webdevia.com/flooring/store-tile/wp-content/plugins/js_composer/assets/css/js_composer.min52c7.css]
[themes.webdevia.com/flooring/store-tile/wp-includes/js/jquery/jquery-migrate.mind617.js]
[themes.webdevia.com/flooring/store-tile/wp-includes/js/jquery/jquery.min9d52.js]
[themes.webdevia.com/flooring/store-tile/wp-content/plugins/woocommerce/assets/js/jquery-blockui/jquery.blockUI.min44fd.js]
[themes.webdevia.com/flooring/store-tile/wp-content/plugins/woocommerce/assets/js/frontend/add-to-cart.min1852.js]
[themes.webdevia.com/flooring/store-tile/wp-content/plugins/revslider/public/assets/js/revolution.tools.minf049.js]
[themes.webdevia.com/flooring/store-tile/wp-content/plugins/js_composer/assets/js/vendors/woocommerce-add-to-cart52c7.js]
[themes.webdevia.com/flooring/store-tile/wp-content/plugins/revslider/public/assets/js/rs6.min42c6.js]
[themes.webdevia.com/flooring/store-tile/wp-json/wp/v2/pages/3338.json]
[themes.webdevia.com/flooring/store-tile/wp-json/index.html]
[themes.webdevia.com/flooring/store-tile/xmlrpc0db0.php]
[themes.webdevia.com/flooring/store-tile/wp-includes/wlwmanifest.xml]
[themes.webdevia.com/flooring/store-tile/wp-json/oembed/1.0/embeda7b3.json]
[themes.webdevia.com/flooring/store-tile/wp-json/oembed/1.0/embed00a3]
[themes.webdevia.com/flooring/store-tile/wp-content/uploads/sites/4/2021/06/logo@2x-3.png]
[themes.webdevia.com/flooring/store-tile/wp-content/uploads/sites/4/2021/06/slide-bg@2x.jpg]
[themes.webdevia.com/flooring/store-tile/about-us/index.html]
[themes.webdevia.com/flooring/store-tile/services-2/index.html]
[themes.webdevia.com/flooring/store-tile/doors-repair/index.html]
[themes.webdevia.com/flooring/store-tile/emergency-door-repair/index.html]
[themes.webdevia.com/flooring/store-tile/emergency-window-repair/index.html]
[themes.webdevia.com/flooring/store-tile/glass-aluminum/index.html]
[themes.webdevia.com/flooring/store-tile/heavy-industry/index.html]
[themes.webdevia.com/flooring/store-tile/replacing-sliding-patio-doors/index.html]
[themes.webdevia.com/flooring/store-tile/windows-repair/index.html]
[themes.webdevia.com/flooring/store-tile/wp-content/uploads/sites/4/2019/11/spacecraft-3240_6a607206-a24b-4dbf-90db-0994df49b8c2.png]
[themes.webdevia.com/flooring/store-tile/pricing-table/index.html]
[themes.webdevia.com/flooring/store-tile/blog/index.html]
[themes.webdevia.com/flooring/store-tile/shop/index.html]
[themes.webdevia.com/flooring/store-tile/wp-content/uploads/sites/4/2019/11/team-2715_cef8922e-7aa0-4ddd-96a7-34fde8bdc608.png]
[themes.webdevia.com/flooring/store-tile/contact/index.html]
[themes.webdevia.com/flooring/store-tile/wp-content/uploads/sites/4/2021/06/marble-dark-629x800.jpg]
[themes.webdevia.com/flooring/store-tile/wp-content/uploads/sites/4/2019/11/panoramic-windows@2x.jpg]
[themes.webdevia.com/flooring/store-tile/wp-content/uploads/sites/4/2019/11/wood-doors@2x.jpg]
[themes.webdevia.com/flooring/store-tile/wp-content/uploads/sites/4/2019/11/garage-door@2x.jpg]
[themes.webdevia.com/flooring/store-tile/wp-content/uploads/sites/4/2019/11/home-door@2x.jpg]
[themes.webdevia.com/flooring/store-tile/wp-content/uploads/sites/4/2019/11/roller-shutter@2x.jpg]
[themes.webdevia.com/flooring/store-tile/wp-content/uploads/sites/4/2019/11/slide1@2x.jpg]
[themes.webdevia.com/flooring/store-tile/wp-content/uploads/sites/4/2021/06/contact-side@2x-629x800.jpg]
[themes.webdevia.com/flooring/store-tile/wp-content/uploads/sites/4/2015/05/Nice-Modern-Project-760x500.jpg]
[themes.webdevia.com/flooring/store-tile/wp-content/uploads/sites/4/2015/05/Cool-Tile-kitchen-floor-760x500.jpg]
[themes.webdevia.com/flooring/store-tile/wp-content/uploads/sites/4/2015/05/Awesome-Outdoor-Project-760x500.jpg]
[themes.webdevia.com/flooring/store-tile/wp-content/uploads/sites/4/2014/08/Statuary-marble-2-760x500.jpg]
[themes.webdevia.com/flooring/store-tile/wp-content/uploads/sites/4/2014/08/Statuary-marble-760x500.jpg]
[themes.webdevia.com/flooring/store-tile/wp-content/uploads/sites/4/2014/08/pr6-760x500.jpg]
[themes.webdevia.com/flooring/store-tile/wp-content/uploads/sites/4/2019/11/gray-long-300x300.jpg]
[themes.webdevia.com/flooring/store-tile/portfolio/nice-project/index.html]
[themes.webdevia.com/flooring/store-tile/portfolio/cool-project/index.html]
[themes.webdevia.com/flooring/store-tile/portfolio/awesome-projects/index.html]
[themes.webdevia.com/flooring/store-tile/portfolio/aenean-auctor-laoreet-2/index.html]
[themes.webdevia.com/flooring/store-tile/wp-content/uploads/sites/4/2019/11/smoke-gray-long-300x300.jpg]
[themes.webdevia.com/flooring/store-tile/portfolio/brandon-smith-2/index.html]
[themes.webdevia.com/flooring/store-tile/portfolio/morbi-non-sem-a-lacus-porta-3/index.html]
[themes.webdevia.com/flooring/store-tile/product/jhon-doe-copy/index.html]
[themes.webdevia.com/flooring/store-tile/wp-content/uploads/sites/4/2019/11/bathroom-gray-300x300.jpg]
[themes.webdevia.com/flooring/store-tile/product/smoke-gray-long/index.html]
[themes.webdevia.com/flooring/store-tile/index0dac.html]
[themes.webdevia.com/flooring/store-tile/wp-content/uploads/sites/4/2019/11/smoke-kitchen-300x300.jpg]
[themes.webdevia.com/flooring/store-tile/index0cb0.html]
[themes.webdevia.com/flooring/store-tile/product/bathroom-gray/index.html]
[themes.webdevia.com/flooring/store-tile/index8c62.html]
[themes.webdevia.com/flooring/store-tile/wp-content/uploads/sites/4/2019/11/white-stone-300x300.jpg]
[themes.webdevia.com/flooring/store-tile/product/smoke-kitchen/index.html]
[themes.webdevia.com/flooring/store-tile/wp-content/uploads/sites/4/2019/11/golden-tiles-300x300.jpg]
[themes.webdevia.com/flooring/store-tile/wp-content/uploads/sites/4/2019/11/Gray-Parquet-300x300.jpg]
[themes.webdevia.com/flooring/store-tile/product/jhon-vladimir-copy-2/index.html]
[themes.webdevia.com/flooring/store-tile/indexcee8.html]
[themes.webdevia.com/flooring/store-tile/wp-content/uploads/sites/4/2019/11/old-stone-floor-300x300.jpg]
[themes.webdevia.com/flooring/store-tile/product/jhon-vladimir-copy/index.html]
[themes.webdevia.com/flooring/store-tile/index63b7.html]
[themes.webdevia.com/flooring/store-tile/product/jhon-doe/index.html]
[themes.webdevia.com/flooring/store-tile/wp-content/uploads/sites/4/2019/11/champion-2842_fcb453b6-d2d7-4d18-b67f-ecc793150b3f.png]
[themes.webdevia.com/flooring/store-tile/indexb653.html]
[themes.webdevia.com/flooring/store-tile/index303b.html]
[themes.webdevia.com/flooring/store-tile/product/jhon-vladimir/index.html]
[themes.webdevia.com/flooring/store-tile/wp-content/uploads/sites/4/2019/11/safe-2291_ffa36413-4b0a-4d71-b890-8c672e1bac8c.png]
[themes.webdevia.com/flooring/store-tile/wp-content/uploads/sites/4/2014/08/team-12.jpg]
[themes.webdevia.com/flooring/store-tile/wp-content/uploads/sites/4/2014/08/team-11.jpg]
[themes.webdevia.com/flooring/store-tile/wp-content/uploads/sites/4/2016/08/blog-1-368x193.jpg]
[themes.webdevia.com/flooring/store-tile/wp-content/uploads/sites/4/2014/08/slider-3-2-368x193.jpg]
[themes.webdevia.com/flooring/store-tile/2016/08/28/excepteur-sint-occaecat-cupidatat-non/index.html]
[themes.webdevia.com/flooring/store-tile/wp-content/uploads/sites/4/2014/08/wood-bed-368x193.jpg]
[themes.webdevia.com/cdn-cgi/scripts/5c5dd728/cloudflare-static/email-decode.min.js]
[themes.webdevia.com/flooring/store-tile/wp-includes/js/dist/vendor/wp-polyfill.min89b1.js]
[themes.webdevia.com/flooring/store-tile/2016/05/09/hello-world-2/index.html]
[themes.webdevia.com/flooring/store-tile/wp-includes/js/dist/vendor/wp-polyfill-fetch.min6e0e.js]
[themes.webdevia.com/flooring/store-tile/wp-includes/js/dist/vendor/wp-polyfill-node-contains.min2e00.js]
[themes.webdevia.com/flooring/store-tile/wp-includes/js/dist/vendor/wp-polyfill-dom-rect.min2e00.js]
[themes.webdevia.com/flooring/store-tile/2014/08/28/dignissim-phasellus-ultrices-tellus/index.html]
[themes.webdevia.com/flooring/store-tile/about/index.html]
[themes.webdevia.com/flooring/store-tile/wp-includes/js/dist/vendor/wp-polyfill-url.min5aed.js]
[themes.webdevia.com/flooring/store-tile/wp-includes/js/dist/vendor/wp-polyfill-formdata.mine9bd.js]
[themes.webdevia.com/flooring/store-tile/wp-includes/js/dist/vendor/wp-polyfill-element-closest.min4c56.js]
[themes.webdevia.com/flooring/store-tile/wp-includes/js/dist/vendor/wp-polyfill-object-fit.min531b.js]
[themes.webdevia.com/flooring/store-tile/wp-content/plugins/contact-form-7/includes/js/indexc225.js]
[themes.webdevia.com/flooring/store-tile/wp-content/plugins/woocommerce/assets/js/js-cookie/js.cookie.min6b25.js]
[themes.webdevia.com/flooring/store-tile/wp-content/plugins/woocommerce/assets/js/frontend/woocommerce.min1852.js]
[themes.webdevia.com/flooring/store-tile/wp-content/plugins/woocommerce/assets/js/frontend/cart-fragments.min1852.js]
[themes.webdevia.com/flooring/store-tile/wp-content/plugins/wd-plugin-demo/buy_section/js/buy_js8a54.js]
[themes.webdevia.com/flooring/store-tile/wp-includes/js/hoverIntent.minc245.js]
[themes.webdevia.com/flooring/store-tile/wp-content/themes/flooring/js/wd-script.min8a54.js]
[themes.webdevia.com/flooring/store-tile/wp-includes/js/comment-reply.mincfaa.js]
[themes.webdevia.com/flooring/store-tile/wp-includes/js/wp-embed.mincfaa.js]
[themes.webdevia.com/flooring/store-tile/wp-content/plugins/js_composer/assets/js/dist/js_composer_front.min52c7.js]
[themes.webdevia.com/flooring/store-tile/index.html]
[themes.webdevia.com/flooring/store-tile/wp-includes/css/dist/block-library/style.mincfaa.css]
[themes.webdevia.com/flooring/store-tile/wp-content/plugins/woocommerce/packages/woocommerce-blocks/build/vendors-style5859.css]
[themes.webdevia.com/flooring/store-tile/wp-content/plugins/woocommerce/packages/woocommerce-blocks/build/style5859.css]
[themes.webdevia.com/flooring/store-tile/wp-content/plugins/contact-form-7/includes/css/stylesc225.css]
[themes.webdevia.com/flooring/store-tile/wp-content/plugins/js_composer/assets/lib/bower/skrollr/dist/skrollr.min52c7.js]
[themes.webdevia.com/flooring/store-tile/wp-content/plugins/revslider/public/assets/fonts/revicons/revicons90c6.eot]
[themes.webdevia.com/flooring/store-tile/wp-content/plugins/revslider/public/assets/fonts/revicons/revicons90c6.woff]
[themes.webdevia.com/flooring/store-tile/wp-content/plugins/revslider/public/assets/fonts/revicons/revicons90c6.ttf]
[themes.webdevia.com/flooring/store-tile/wp-content/plugins/revslider/public/assets/fonts/revicons/revicons90c6.svg]
[themes.webdevia.com/flooring/store-tile/wp-content/plugins/revslider/public/assets/assets/gridtile.png]
[themes.webdevia.com/flooring/store-tile/wp-content/plugins/revslider/public/assets/assets/gridtile_white.png]
[themes.webdevia.com/flooring/store-tile/wp-content/plugins/revslider/public/assets/assets/gridtile_3x3.png]
[themes.webdevia.com/flooring/store-tile/wp-content/plugins/revslider/public/assets/assets/gridtile_3x3_white.png]
[themes.webdevia.com/flooring/store-tile/wp-content/plugins/revslider/public/assets/assets/coloredbg.png]
[themes.webdevia.com/flooring/store-tile/wp-content/plugins/revslider/public/assets/assets/loader.gif]
[themes.webdevia.com/flooring/store-tile/wp-content/plugins/revslider/public/assets/css/rs642c6.css]
[themes.webdevia.com/flooring/store-tile/wp-content/plugins/svg-support/css/svgs-attachmentcfaa.css]
[themes.webdevia.com/flooring/store-tile/wp-content/plugins/woocommerce/assets/css/woocommerce-layout1852.css]
[themes.webdevia.com/flooring/store-tile/wp-content/plugins/woocommerce/assets/css/woocommerce-smallscreen1852.css]
[themes.webdevia.com/flooring/store-tile/wp-content/plugins/woocommerce/assets/fonts/star.eot]
[themes.webdevia.com/flooring/store-tile/wp-content/plugins/woocommerce/assets/fonts/stard41d.eot]
[themes.webdevia.com/flooring/store-tile/wp-content/plugins/woocommerce/assets/fonts/star.woff]
[themes.webdevia.com/flooring/store-tile/wp-content/plugins/woocommerce/assets/fonts/star.ttf]
[themes.webdevia.com/flooring/store-tile/wp-content/plugins/woocommerce/assets/fonts/star.svg]
[themes.webdevia.com/flooring/store-tile/wp-content/plugins/woocommerce/assets/fonts/WooCommerce.eot]
[themes.webdevia.com/flooring/store-tile/wp-content/plugins/woocommerce/assets/fonts/WooCommerced41d.eot]
[themes.webdevia.com/flooring/store-tile/wp-content/plugins/woocommerce/assets/fonts/WooCommerce.woff]
[themes.webdevia.com/flooring/store-tile/wp-content/plugins/woocommerce/assets/fonts/WooCommerce.ttf]
[themes.webdevia.com/flooring/store-tile/wp-content/plugins/woocommerce/assets/fonts/WooCommerce.svg]
[themes.webdevia.com/flooring/store-tile/wp-content/plugins/woocommerce/assets/images/icons/loader.svg]
[themes.webdevia.com/flooring/store-tile/wp-content/plugins/woocommerce/assets/images/icons/credit-cards/visa.svg]
[themes.webdevia.com/flooring/store-tile/wp-content/plugins/woocommerce/assets/images/icons/credit-cards/mastercard.svg]
[themes.webdevia.com/flooring/store-tile/wp-content/plugins/woocommerce/assets/images/icons/credit-cards/laser.svg]
[themes.webdevia.com/flooring/store-tile/wp-content/plugins/woocommerce/assets/images/icons/credit-cards/diners.svg]
[themes.webdevia.com/flooring/store-tile/wp-content/plugins/woocommerce/assets/images/icons/credit-cards/maestro.svg]
[themes.webdevia.com/flooring/store-tile/wp-content/plugins/woocommerce/assets/images/icons/credit-cards/jcb.svg]
[themes.webdevia.com/flooring/store-tile/wp-content/plugins/woocommerce/assets/images/icons/credit-cards/amex.svg]
[themes.webdevia.com/flooring/store-tile/wp-content/plugins/woocommerce/assets/css/woocommerce1852.css]
[themes.webdevia.com/flooring/store-tile/wp-content/plugins/wd-plugin-demo/buy_section/css/buy_stylecfaa.css]
[themes.webdevia.com/flooring/store-tile/wp-content/plugins/woocommerce/assets/images/icons/credit-cards/discover.svg]
[themes.webdevia.com/flooring/store-tile/wp-content/themes/flooring/css/owl.video.play.png]
[themes.webdevia.com/flooring/store-tile/wp-content/themes/flooring/css/owl.carouselcfaa.css]
[themes.webdevia.com/flooring/store-tile/wp-content/themes/flooring/css/AjaxLoader.gif]
[themes.webdevia.com/flooring/store-tile/wp-content/themes/flooring/css/owl.themecfaa.css]
[themes.webdevia.com/flooring/store-tile/wp-content/themes/flooring/css/animatecfaa.css]
[themes.webdevia.com/flooring/store-tile/wp-content/themes/flooring/css/swiper.mincfaa.css]
[themes.webdevia.com/flooring/store-tile/wp-content/plugins/js_composer/assets/lib/bower/font-awesome/fonts/fontawesome-webfont3e6e.eot]
[themes.webdevia.com/flooring/store-tile/wp-content/plugins/js_composer/assets/lib/bower/font-awesome/fonts/fontawesome-webfontd41d.eot]
[themes.webdevia.com/flooring/store-tile/wp-content/plugins/js_composer/assets/lib/bower/font-awesome/fonts/fontawesome-webfont3e6e.woff2]
[themes.webdevia.com/flooring/store-tile/wp-content/plugins/js_composer/assets/lib/bower/font-awesome/fonts/fontawesome-webfont3e6e.woff]
[themes.webdevia.com/flooring/store-tile/wp-content/plugins/js_composer/assets/lib/bower/font-awesome/fonts/fontawesome-webfont3e6e.ttf]
[themes.webdevia.com/flooring/store-tile/wp-content/plugins/js_composer/assets/lib/bower/font-awesome/css/font-awesome.min52c7.css]
[themes.webdevia.com/flooring/store-tile/wp-content/themes/flooring/images/footer-bg.jpg]
[themes.webdevia.com/flooring/store-tile/wp-content/themes/flooring/images/bg-phone.png]
[themes.webdevia.com/flooring/store-tile/wp-content/plugins/js_composer/assets/lib/bower/font-awesome/fonts/fontawesome-webfont3e6e.svg]
[themes.webdevia.com/flooring/store-tile/wp-content/themes/flooring/images/titlebar-bg.jpg]
[themes.webdevia.com/flooring/store-tile/wp-content/themes/flooring/images/search-icon.png]
[themes.webdevia.com/flooring/store-tile/wp-content/themes/flooring/images/about-us.jpg]
[themes.webdevia.com/flooring/store-tile/wp-content/themes/flooring/images/contact3.jpg]
[themes.webdevia.com/flooring/store-tile/wp-content/themes/flooring/images/contact.png]
[themes.webdevia.com/flooring/store-tile/wp-content/themes/flooring/images/clients-bg.jpg]
[themes.webdevia.com/flooring/store-tile/wp-content/themes/flooring/images/section-project-bg-2.jpg]
[themes.webdevia.com/flooring/store-tile/wp-content/themes/flooring/images/quote.svg]
[themes.webdevia.com/flooring/store-tile/wp-content/themes/flooring/images/portfolio/hover-bg.jpg]
[themes.webdevia.com/flooring/store-tile/wp-content/themes/flooring/images/down-icon.png]
[themes.webdevia.com/flooring/store-tile/wp-content/themes/flooring/css/appcfaa.css]
[themes.webdevia.com/flooring/store-tile/wp-content/themes/flooring/stylecfaa.css]
[themes.webdevia.com/flooring/store-tile/wp-content/plugins/js_composer/assets/vc/alert.png]
[themes.webdevia.com/flooring/store-tile/wp-content/plugins/js_composer/assets/vc/info.png]
[themes.webdevia.com/flooring/store-tile/wp-content/plugins/js_composer/assets/vc/tick.png]
[themes.webdevia.com/flooring/store-tile/wp-content/plugins/js_composer/assets/vc/exclamation.png]
[themes.webdevia.com/flooring/store-tile/wp-content/plugins/js_composer/assets/images/icons/address-book.png]
[themes.webdevia.com/flooring/store-tile/wp-content/plugins/js_composer/assets/images/icons/alarm-clock.png]
[themes.webdevia.com/flooring/store-tile/wp-content/plugins/js_composer/assets/images/icons/anchor.png]
[themes.webdevia.com/flooring/store-tile/wp-content/plugins/js_composer/assets/images/icons/application-image.png]
[themes.webdevia.com/flooring/store-tile/wp-content/plugins/js_composer/assets/images/icons/arrow.png]
[themes.webdevia.com/flooring/store-tile/wp-content/plugins/js_composer/assets/images/icons/asterisk.png]
[themes.webdevia.com/flooring/store-tile/wp-content/plugins/js_composer/assets/images/icons/auction-hammer.png]
[themes.webdevia.com/flooring/store-tile/wp-content/plugins/js_composer/assets/images/icons/balloon.png]
[themes.webdevia.com/flooring/store-tile/wp-content/plugins/js_composer/assets/images/icons/balloon-buzz.png]
[themes.webdevia.com/flooring/store-tile/wp-content/plugins/js_composer/assets/images/icons/balloon-facebook.png]
[themes.webdevia.com/flooring/store-tile/wp-content/plugins/js_composer/assets/images/icons/balloon-twitter.png]
[themes.webdevia.com/flooring/store-tile/wp-content/plugins/js_composer/assets/images/icons/battery-full.png]
[themes.webdevia.com/flooring/store-tile/wp-content/plugins/js_composer/assets/images/icons/binocular.png]
[themes.webdevia.com/flooring/store-tile/wp-content/plugins/js_composer/assets/images/icons/blue-document-excel.png]
[themes.webdevia.com/flooring/store-tile/wp-content/plugins/js_composer/assets/images/icons/blue-document-image.png]
[themes.webdevia.com/flooring/store-tile/wp-content/plugins/js_composer/assets/images/icons/blue-document-music.png]
[themes.webdevia.com/flooring/store-tile/wp-content/plugins/js_composer/assets/images/icons/blue-document-office.png]
[themes.webdevia.com/flooring/store-tile/wp-content/plugins/js_composer/assets/images/icons/blue-document-pdf.png]
[themes.webdevia.com/flooring/store-tile/wp-content/plugins/js_composer/assets/images/icons/blue-document-powerpoint.png]
[themes.webdevia.com/flooring/store-tile/wp-content/plugins/js_composer/assets/images/icons/blue-document-word.png]
[themes.webdevia.com/flooring/store-tile/wp-content/plugins/js_composer/assets/images/icons/bookmark.png]
[themes.webdevia.com/flooring/store-tile/wp-content/plugins/js_composer/assets/images/icons/camcorder.png]
[themes.webdevia.com/flooring/store-tile/wp-content/plugins/js_composer/assets/images/icons/camera.png]
[themes.webdevia.com/flooring/store-tile/wp-content/plugins/js_composer/assets/images/icons/chart.png]
[themes.webdevia.com/flooring/store-tile/wp-content/plugins/js_composer/assets/images/icons/chart-pie.png]
[themes.webdevia.com/flooring/store-tile/wp-content/plugins/js_composer/assets/images/icons/clock.png]
[themes.webdevia.com/flooring/store-tile/wp-content/plugins/js_composer/assets/images/icons/control.png]
[themes.webdevia.com/flooring/store-tile/wp-content/plugins/js_composer/assets/images/icons/fire.png]
[themes.webdevia.com/flooring/store-tile/wp-content/plugins/js_composer/assets/images/icons/heart.png]
[themes.webdevia.com/flooring/store-tile/wp-content/plugins/js_composer/assets/images/icons/mail.png]
[themes.webdevia.com/flooring/store-tile/wp-content/plugins/js_composer/assets/images/icons/plus-shield.png]
[themes.webdevia.com/flooring/store-tile/wp-content/plugins/js_composer/assets/images/icons/video.png]
[themes.webdevia.com/flooring/store-tile/wp-content/plugins/js_composer/assets/fonts/vc_icons_v2/fonts/vcpb-plugin-iconsb82a.eot]
[themes.webdevia.com/flooring/store-tile/wp-content/plugins/js_composer/assets/fonts/vc_icons_v2/fonts/vcpb-plugin-iconsb82a.ttf]
[themes.webdevia.com/flooring/store-tile/wp-content/plugins/js_composer/assets/fonts/vc_icons_v2/fonts/vcpb-plugin-iconsb82a.woff]
[themes.webdevia.com/flooring/store-tile/wp-content/plugins/js_composer/assets/fonts/vc_icons_v2/fonts/vcpb-plugin-iconsb82a.svg]
[themes.webdevia.com/flooring/store-tile/wp-content/plugins/js_composer/assets/images/toggle_open.png]
[themes.webdevia.com/flooring/store-tile/wp-content/plugins/js_composer/assets/images/toggle_close.png]
[themes.webdevia.com/flooring/store-tile/wp-content/plugins/js_composer/assets/images/flickr.png]
[themes.webdevia.com/flooring/store-tile/wp-content/plugins/js_composer/assets/vc/blur.svg]
[themes.webdevia.com/flooring/store-tile/wp-content/plugins/js_composer/assets/fonts/vc_grid/vc_grid_v157a1.eot]
[themes.webdevia.com/flooring/store-tile/wp-content/plugins/js_composer/assets/fonts/vc_grid/vc_grid_v1d41d.eot]
[themes.webdevia.com/flooring/store-tile/wp-content/plugins/js_composer/assets/fonts/vc_grid/vc_grid_v157a1.woff]
[themes.webdevia.com/flooring/store-tile/wp-content/plugins/js_composer/assets/fonts/vc_grid/vc_grid_v157a1.ttf]
[themes.webdevia.com/flooring/store-tile/wp-content/plugins/js_composer/assets/fonts/vc_grid/vc_grid_v157a1.svg]
[themes.webdevia.com/flooring/store-tile/wp-content/plugins/js_composer/assets/images/spinner.gif]
[themes.webdevia.com/flooring/store-tile/wp-content/plugins/js_composer/assets/vc/remove.png]
[themes.webdevia.com/flooring/store-tile/wp-content/plugins/js_composer/assets/css/js_composer.min52c7.css]
[themes.webdevia.com/flooring/woodworking/wp-content/uploads/sites/3/2021/05/numbers-bg-1db2b.jpg]
[themes.webdevia.com/flooring/store-tile/wp-json/wp/v2/pages/2931.json]
[themes.webdevia.com/flooring/store-tile/wp-json/oembed/1.0/embedb8cb.json]
[themes.webdevia.com/flooring/store-tile/wp-json/oembed/1.0/embedf4b4]
[themes.webdevia.com/flooring/store-tile/wp-content/uploads/sites/4/2019/11/Mask-Group-1@2x-570x370-1.jpg]
[themes.webdevia.com/flooring/store-tile/wp-content/uploads/sites/4/2014/08/team-9.jpg]
[themes.webdevia.com/flooring/store-tile/wp-content/uploads/sites/4/2016/05/cl1-1.png]
[themes.webdevia.com/flooring/store-tile/wp-content/uploads/sites/4/2016/05/cl7-1.png]
[themes.webdevia.com/flooring/store-tile/wp-content/uploads/sites/4/2016/05/cl5-1.png]
[themes.webdevia.com/flooring/store-tile/wp-content/uploads/sites/4/2016/05/cl4-1.png]
[themes.webdevia.com/flooring/store-tile/wp-content/uploads/sites/4/2016/05/cl3-1.png]
[themes.webdevia.com/flooring/store-tile/wp-content/uploads/sites/4/2016/05/cl2-1.png]
[themes.webdevia.com/flooring/store-tile/about-us/index.html]
[themes.webdevia.com/flooring/woodworking/wp-content/uploads/sites/3/2019/11/mab8178.png]
[themes.webdevia.com/flooring/store-tile/wp-json/wp/v2/pages/2988.json]
[themes.webdevia.com/flooring/store-tile/wp-json/oembed/1.0/embed09ce.json]
[themes.webdevia.com/flooring/store-tile/wp-json/oembed/1.0/embed283a]
[themes.webdevia.com/flooring/store-tile/wp-content/uploads/sites/4/2019/11/precision-icon.png]
[themes.webdevia.com/flooring/store-tile/wp-content/uploads/sites/4/2019/11/Mask-Group-13@2x-420x350.jpg]
[themes.webdevia.com/flooring/store-tile/services-2/index.html]
[themes.webdevia.com/flooring/store-tile/wp-json/wp/v2/pages/2241.json]
[themes.webdevia.com/flooring/store-tile/wp-json/oembed/1.0/embedfad5.json]
[themes.webdevia.com/flooring/store-tile/wp-json/oembed/1.0/embed49b8]
[themes.webdevia.com/flooring/store-tile/wp-content/uploads/sites/4/2014/08/pr5-1-850x500.jpg]
[themes.webdevia.com/flooring/store-tile/wp-content/uploads/sites/4/2014/08/Fotolia_13597090_XS-377x270.jpg]
[themes.webdevia.com/flooring/store-tile/wp-content/plugins/js_composer/assets/css/js_composer_tta.min52c7.css]
[themes.webdevia.com/flooring/store-tile/wp-content/plugins/js_composer/assets/lib/vc_accordion/vc-accordion.min52c7.js]
[themes.webdevia.com/flooring/store-tile/doors-repair/index.html]
[themes.webdevia.com/flooring/store-tile/wp-content/plugins/js_composer/assets/lib/vc-tta-autoplay/vc-tta-autoplay.min52c7.js]
[themes.webdevia.com/flooring/store-tile/wp-json/wp/v2/pages/2234.json]
[themes.webdevia.com/flooring/store-tile/wp-json/oembed/1.0/embedcb61.json]
[themes.webdevia.com/flooring/store-tile/wp-json/oembed/1.0/embed3a69]
[themes.webdevia.com/flooring/store-tile/wp-content/uploads/sites/4/2014/08/pr9-850x500.jpg]
[themes.webdevia.com/flooring/store-tile/wp-content/uploads/sites/4/2016/05/2.jpg]
[themes.webdevia.com/flooring/store-tile/emergency-door-repair/index.html]
[themes.webdevia.com/flooring/store-tile/wp-json/wp/v2/pages/2233.json]
[themes.webdevia.com/flooring/store-tile/wp-json/oembed/1.0/embedc0bc.json]
[themes.webdevia.com/flooring/store-tile/wp-json/oembed/1.0/embed4190]
[themes.webdevia.com/flooring/store-tile/wp-content/uploads/sites/4/2014/08/pr8-850x500.jpg]
[themes.webdevia.com/flooring/store-tile/wp-content/uploads/sites/4/2015/05/pr1-420x270.jpg]
[themes.webdevia.com/flooring/store-tile/emergency-window-repair/index.html]
[themes.webdevia.com/flooring/store-tile/wp-json/wp/v2/pages/2243.json]
[themes.webdevia.com/flooring/store-tile/wp-json/oembed/1.0/embedb97e.json]
[themes.webdevia.com/flooring/store-tile/wp-json/oembed/1.0/embedb5fc]
[themes.webdevia.com/flooring/store-tile/wp-content/uploads/sites/4/2016/05/glass-b-850x500.jpg]
[themes.webdevia.com/flooring/store-tile/wp-content/uploads/sites/4/2016/05/glass-2-420x270.jpg]
[themes.webdevia.com/flooring/store-tile/glass-aluminum/index.html]
[themes.webdevia.com/flooring/store-tile/wp-json/wp/v2/pages/2235.json]
[themes.webdevia.com/flooring/store-tile/wp-json/oembed/1.0/embedfe14.json]
[themes.webdevia.com/flooring/store-tile/wp-json/oembed/1.0/embed94ed]
[themes.webdevia.com/flooring/store-tile/wp-content/uploads/sites/4/2015/05/pr4-850x500.jpg]
[themes.webdevia.com/flooring/store-tile/wp-content/uploads/sites/4/2016/05/3.jpg]
[themes.webdevia.com/flooring/store-tile/heavy-industry/index.html]
[themes.webdevia.com/flooring/store-tile/wp-json/wp/v2/pages/2232.json]
[themes.webdevia.com/flooring/store-tile/wp-json/oembed/1.0/embed2eaf.json]
[themes.webdevia.com/flooring/store-tile/wp-json/oembed/1.0/embed8405]
[themes.webdevia.com/flooring/store-tile/wp-content/uploads/sites/4/2014/08/pr6-850x500.jpg]
[themes.webdevia.com/flooring/store-tile/wp-content/uploads/sites/4/2016/05/enviropure-window-installation-420x270.jpg]
[themes.webdevia.com/flooring/store-tile/replacing-sliding-patio-doors/index.html]
[themes.webdevia.com/flooring/store-tile/wp-json/wp/v2/pages/2312.json]
[themes.webdevia.com/flooring/store-tile/wp-json/oembed/1.0/embed404e.json]
[themes.webdevia.com/flooring/store-tile/windows-repair/index.html]
[themes.webdevia.com/flooring/store-tile/wp-json/oembed/1.0/embed0c3a]
[themes.webdevia.com/flooring/store-tile/wp-json/wp/v2/pages/3011.json]
[themes.webdevia.com/flooring/store-tile/wp-json/oembed/1.0/embed8f99.json]
[themes.webdevia.com/flooring/store-tile/pricing-table/index.html]
[themes.webdevia.com/flooring/store-tile/shop/index.html]
[themes.webdevia.com/flooring/store-tile/wp-json/oembed/1.0/embed4457]
[themes.webdevia.com/flooring/store-tile/shop/feed/index.html]
[themes.webdevia.com/flooring/store-tile/shop/index8c62.html]
[themes.webdevia.com/flooring/store-tile/wp-content/uploads/sites/4/2016/08/blog-1-840x424.jpg]
[themes.webdevia.com/flooring/store-tile/shop/index63b7.html]
[themes.webdevia.com/flooring/store-tile/shop/index0dac.html]
[themes.webdevia.com/flooring/store-tile/shop/indexb653.html]
[themes.webdevia.com/flooring/store-tile/shop/index303b.html]
[themes.webdevia.com/flooring/store-tile/blog/root]
[themes.webdevia.com/flooring/store-tile/shop/index0cb0.html]
[themes.webdevia.com/flooring/store-tile/wp-content/uploads/sites/4/2014/08/slider-3-2-840x424.jpg]
[themes.webdevia.com/flooring/store-tile/shop/indexcee8.html]
[themes.webdevia.com/flooring/store-tile/wp-content/uploads/sites/4/2014/08/wood-bed-840x424.jpg]
[themes.webdevia.com/flooring/store-tile/category/uncategorized/index.html]
[themes.webdevia.com/flooring/store-tile/wp-content/uploads/sites/4/2019/11/slide1@2x-820x424.jpg]
[themes.webdevia.com/flooring/store-tile/wp-content/uploads/sites/4/2014/08/slide-bg@2x-840x424.jpg]
[themes.webdevia.com/flooring/store-tile/2014/08/28/aenean-nonummy-hendrerit-mauris/index.html]
[themes.webdevia.com/flooring/store-tile/wp-content/uploads/sites/4/2016/05/slider-3-3-840x424.jpg]
[themes.webdevia.com/flooring/store-tile/wp-content/uploads/sites/4/2016/05/glass-2-840x424.jpg]
[themes.webdevia.com/flooring/store-tile/2014/08/28/fusce-suscipit-varius-mi-cum-sociis/index.html]
[themes.webdevia.com/flooring/store-tile/2014/08/28/cum-sociis-natoque-penatibus-et-magnis/index.html]
[themes.webdevia.com/flooring/store-tile/2014/08/28/massa-eu-blandit/index.html]
[themes.webdevia.com/flooring/store-tile/wp-login.html]
[themes.webdevia.com/flooring/store-tile/blog/index.html]
[themes.webdevia.com/flooring/store-tile/2016/08/index.html]
[themes.webdevia.com/flooring/store-tile/2016/05/index.html]
[themes.webdevia.com/flooring/store-tile/2014/08/index.html]
[themes.webdevia.com/flooring/store-tile/wp-json/wp/v2/pages/20.json]
[themes.webdevia.com/flooring/store-tile/wp-json/oembed/1.0/embed4a47.json]
[themes.webdevia.com/flooring/store-tile/contact/index.html]
[themes.webdevia.com/flooring/store-tile/wp-json/oembed/1.0/embed7158]
[themes.webdevia.com/flooring/store-tile/portfolio/nice-project/feed/index.html]
[themes.webdevia.com/flooring/store-tile/wp-json/oembed/1.0/embed3f83.json]
[themes.webdevia.com/flooring/store-tile/wp-json/oembed/1.0/embed29d9]
[themes.webdevia.com/flooring/store-tile/wp-content/uploads/sites/4/2015/05/Nice-Modern-Project-840x424.jpg]
[themes.webdevia.com/flooring/store-tile/wp-content/uploads/sites/4/2015/05/Nice-Modern-Project-380x254.jpg]
[themes.webdevia.com/flooring/store-tile/wp-content/uploads/sites/4/2015/05/Cool-Tile-kitchen-floor-380x254.jpg]
[themes.webdevia.com/flooring/store-tile/wp-content/uploads/sites/4/2015/05/Awesome-Outdoor-Project-380x254.jpg]
[themes.webdevia.com/flooring/store-tile/wp-content/uploads/sites/4/2014/08/Statuary-marble-2-380x254.jpg]
[themes.webdevia.com/flooring/store-tile/portfolio/nice-project/index.html]
[themes.webdevia.com/flooring/store-tile/wp-json/oembed/1.0/embedae03.json]
[themes.webdevia.com/flooring/store-tile/wp-json/oembed/1.0/embed6b53]
[themes.webdevia.com/flooring/store-tile/portfolio/cool-project/feed/index.html]
[themes.webdevia.com/flooring/store-tile/wp-content/uploads/sites/4/2015/05/Cool-Tile-kitchen-floor-840x424.jpg]
[themes.webdevia.com/flooring/store-tile/portfolio/cool-project/index.html]
[themes.webdevia.com/flooring/store-tile/wp-json/oembed/1.0/embed3243.json]
[themes.webdevia.com/flooring/store-tile/portfolio/awesome-projects/feed/index.html]
[themes.webdevia.com/flooring/store-tile/wp-json/oembed/1.0/embedb9eb]
[themes.webdevia.com/flooring/store-tile/wp-content/uploads/sites/4/2015/05/Awesome-Outdoor-Project-840x424.jpg]
[themes.webdevia.com/flooring/store-tile/portfolio/awesome-projects/index.html]
[themes.webdevia.com/flooring/store-tile/portfolio/aenean-auctor-laoreet-2/feed/index.html]
[themes.webdevia.com/flooring/store-tile/wp-json/oembed/1.0/embedcdfd.json]
[themes.webdevia.com/flooring/store-tile/wp-json/oembed/1.0/embedb3e7]
[themes.webdevia.com/flooring/store-tile/wp-content/uploads/sites/4/2014/08/Statuary-marble-2-840x424.jpg]
[themes.webdevia.com/flooring/store-tile/portfolio/aenean-auctor-laoreet-2/index.html]
[themes.webdevia.com/flooring/store-tile/wp-json/oembed/1.0/embedadd7.json]
[themes.webdevia.com/flooring/store-tile/portfolio/brandon-smith-2/feed/index.html]
[themes.webdevia.com/flooring/store-tile/wp-json/oembed/1.0/embedb28e]
[themes.webdevia.com/flooring/store-tile/wp-content/uploads/sites/4/2014/08/Statuary-marble-840x424.jpg]
[themes.webdevia.com/flooring/store-tile/portfolio/brandon-smith-2/index.html]
[themes.webdevia.com/flooring/store-tile/wp-json/oembed/1.0/embede4e7.json]
[themes.webdevia.com/flooring/store-tile/portfolio/morbi-non-sem-a-lacus-porta-3/feed/index.html]
[themes.webdevia.com/flooring/store-tile/wp-json/oembed/1.0/embed1dab]
[themes.webdevia.com/flooring/store-tile/wp-content/uploads/sites/4/2014/08/pr6-840x424.jpg]
[themes.webdevia.com/flooring/store-tile/portfolio/morbi-non-sem-a-lacus-porta-3/index.html]
[themes.webdevia.com/flooring/store-tile/wp-content/plugins/woocommerce/assets/css/photoswipe/photoswipe.min1852.css]
[themes.webdevia.com/flooring/store-tile/wp-content/plugins/woocommerce/assets/css/photoswipe/default-skin/default-skin.min1852.css]
[themes.webdevia.com/flooring/store-tile/product/jhon-doe-copy/feed/index.html]
[themes.webdevia.com/flooring/store-tile/wp-json/wp/v2/product/3124.json]
[themes.webdevia.com/flooring/store-tile/wp-json/oembed/1.0/embed3047.json]
[themes.webdevia.com/flooring/store-tile/wp-json/oembed/1.0/embed22b0]
[themes.webdevia.com/flooring/store-tile/wp-content/uploads/sites/4/2019/11/gray-long.jpg]
[themes.webdevia.com/flooring/store-tile/wp-content/uploads/sites/4/2019/11/gray-long-600x558.jpg]
[themes.webdevia.com/flooring/store-tile/wp-content/uploads/sites/4/2021/06/slide-bg@2x-600x275.jpg]
[themes.webdevia.com/flooring/store-tile/wp-content/uploads/sites/4/2019/11/smoke-gray-long.jpg]
[themes.webdevia.com/flooring/store-tile/wp-content/uploads/sites/4/2019/11/smoke-gray-long-600x558.jpg]
[themes.webdevia.com/flooring/store-tile/wp-content/plugins/woocommerce/assets/js/zoom/jquery.zoom.min5a35.js]
[themes.webdevia.com/flooring/store-tile/wp-content/plugins/js_composer/assets/lib/bower/flexslider/jquery.flexslider-min52c7.js]
[themes.webdevia.com/flooring/store-tile/wp-content/plugins/woocommerce/assets/js/photoswipe/photoswipe.min0235.js]
[themes.webdevia.com/flooring/store-tile/product-category/uncategorized/index.html]
[themes.webdevia.com/flooring/store-tile/product/jhon-doe-copy/index63b7.html]
[themes.webdevia.com/flooring/store-tile/wp-content/plugins/woocommerce/assets/js/photoswipe/photoswipe-ui-default.min0235.js]
[themes.webdevia.com/flooring/store-tile/product/jhon-doe-copy/indexcee8.html]
[themes.webdevia.com/flooring/store-tile/product/jhon-doe-copy/index.html]
[themes.webdevia.com/flooring/store-tile/index0dac.html]
[themes.webdevia.com/flooring/store-tile/wp-content/plugins/woocommerce/assets/js/frontend/single-product.min1852.js]
[themes.webdevia.com/flooring/store-tile/wp-json/wp/v2/product/3123.json]
[themes.webdevia.com/flooring/store-tile/product/smoke-gray-long/feed/index.html]
[themes.webdevia.com/flooring/store-tile/product/jhon-doe-copy/indexb653.html]
[themes.webdevia.com/flooring/store-tile/wp-json/oembed/1.0/embed15a4.json]
[themes.webdevia.com/flooring/store-tile/product/smoke-gray-long/index.html]
[themes.webdevia.com/flooring/store-tile/wp-json/oembed/1.0/embed0149]
[themes.webdevia.com/flooring/store-tile/product/smoke-gray-long/index303b.html]
[themes.webdevia.com/flooring/store-tile/index0cb0.html]
[themes.webdevia.com/flooring/store-tile/product/smoke-gray-long/indexcee8.html]
[themes.webdevia.com/flooring/store-tile/product/smoke-gray-long/index8c62.html]
[themes.webdevia.com/flooring/store-tile/product/smoke-gray-long/indexb653.html]
[themes.webdevia.com/flooring/store-tile/product/bathroom-gray/feed/index.html]
[themes.webdevia.com/flooring/store-tile/wp-json/wp/v2/product/3120.json]
[themes.webdevia.com/flooring/store-tile/wp-json/oembed/1.0/embed43b1.json]
[themes.webdevia.com/flooring/store-tile/wp-json/oembed/1.0/embed7e40]
[themes.webdevia.com/flooring/store-tile/wp-content/uploads/sites/4/2019/11/bathroom-gray.jpg]
[themes.webdevia.com/flooring/store-tile/wp-content/uploads/sites/4/2019/11/bathroom-gray-600x558.jpg]
[themes.webdevia.com/flooring/store-tile/wp-content/uploads/sites/4/2019/11/bathroom-gray-2.jpg]
[themes.webdevia.com/flooring/store-tile/cart/index.html]
[themes.webdevia.com/flooring/store-tile/wp-content/uploads/sites/4/2019/11/bathroom-gray-2-600x558.jpg]
[themes.webdevia.com/flooring/store-tile/product/bathroom-gray/index.html]
[themes.webdevia.com/flooring/store-tile/index8c62.html]
[themes.webdevia.com/flooring/store-tile/product/bathroom-gray/index0dac.html]
[themes.webdevia.com/flooring/store-tile/product/bathroom-gray/indexb653.html]
[themes.webdevia.com/flooring/store-tile/wp-json/wp/v2/product/3107.json]
[themes.webdevia.com/flooring/store-tile/product/bathroom-gray/index63b7.html]
[themes.webdevia.com/flooring/store-tile/product/smoke-kitchen/feed/index.html]
[themes.webdevia.com/flooring/store-tile/wp-json/oembed/1.0/embedbbb3.json]
[themes.webdevia.com/flooring/store-tile/wp-json/oembed/1.0/embedc235]
[themes.webdevia.com/flooring/store-tile/wp-content/uploads/sites/4/2019/11/smoke-kitchen.jpg]
[themes.webdevia.com/flooring/store-tile/wp-content/uploads/sites/4/2019/11/smoke-kitchen-600x558.jpg]
[themes.webdevia.com/flooring/store-tile/wp-content/uploads/sites/4/2019/11/smoke-kitchen-2.jpg]
[themes.webdevia.com/flooring/store-tile/wp-content/uploads/sites/4/2019/11/smoke-kitchen-2-600x558.jpg]
[themes.webdevia.com/flooring/store-tile/product/smoke-kitchen/index.html]
[themes.webdevia.com/flooring/store-tile/product/smoke-kitchen/index0cb0.html]
[themes.webdevia.com/flooring/store-tile/product/smoke-kitchen/index8c62.html]
[themes.webdevia.com/flooring/store-tile/product/smoke-kitchen/index0dac.html]
[themes.webdevia.com/flooring/store-tile/product/smoke-kitchen/indexcee8.html]
[themes.webdevia.com/flooring/store-tile/wp-json/wp/v2/product/3106.json]
[themes.webdevia.com/flooring/store-tile/product/jhon-vladimir-copy-2/feed/index.html]
[themes.webdevia.com/flooring/store-tile/wp-json/oembed/1.0/embed4add.json]
[themes.webdevia.com/flooring/store-tile/wp-json/oembed/1.0/embed4801]
[themes.webdevia.com/flooring/store-tile/wp-content/uploads/sites/4/2019/11/white-stone.jpg]
[themes.webdevia.com/flooring/store-tile/wp-content/uploads/sites/4/2019/11/white-stone-600x706.jpg]
[themes.webdevia.com/flooring/store-tile/product/jhon-vladimir-copy-2/index.html]
[themes.webdevia.com/flooring/store-tile/indexcee8.html]
[themes.webdevia.com/flooring/store-tile/product/jhon-vladimir-copy-2/index0cb0.html]
[themes.webdevia.com/flooring/store-tile/product/jhon-vladimir-copy-2/indexb653.html]
[themes.webdevia.com/flooring/store-tile/product/jhon-vladimir-copy-2/index303b.html]
[themes.webdevia.com/flooring/store-tile/product/jhon-vladimir-copy/feed/index.html]
[themes.webdevia.com/flooring/store-tile/wp-json/wp/v2/product/3105.json]
[themes.webdevia.com/flooring/store-tile/wp-json/oembed/1.0/embed84ea.json]
[themes.webdevia.com/flooring/store-tile/wp-json/oembed/1.0/embedf075]
[themes.webdevia.com/flooring/store-tile/wp-content/uploads/sites/4/2019/11/golden-tiles.jpg]
[themes.webdevia.com/flooring/store-tile/wp-content/uploads/sites/4/2019/11/golden-tiles-600x706.jpg]
[themes.webdevia.com/flooring/store-tile/product/jhon-vladimir-copy/index.html]
[themes.webdevia.com/flooring/store-tile/index63b7.html]
[themes.webdevia.com/flooring/store-tile/product/jhon-vladimir-copy/index0cb0.html]
[themes.webdevia.com/flooring/store-tile/product/jhon-vladimir-copy/index303b.html]
[themes.webdevia.com/flooring/store-tile/wp-json/wp/v2/product/2904.json]
[themes.webdevia.com/flooring/store-tile/product/jhon-vladimir-copy/indexb653.html]
[themes.webdevia.com/flooring/store-tile/product/jhon-doe/feed/index.html]
[themes.webdevia.com/flooring/store-tile/wp-json/oembed/1.0/embedc3d8.json]
[themes.webdevia.com/flooring/store-tile/wp-json/oembed/1.0/embed480f]
[themes.webdevia.com/flooring/store-tile/wp-content/uploads/sites/4/2019/11/Gray-Parquet.jpg]
[themes.webdevia.com/flooring/store-tile/wp-content/uploads/sites/4/2019/11/Gray-Parquet-600x706.jpg]
[themes.webdevia.com/flooring/store-tile/product/jhon-doe/index.html]
[themes.webdevia.com/flooring/store-tile/product/jhon-doe/indexcee8.html]
[themes.webdevia.com/flooring/store-tile/indexb653.html]
[themes.webdevia.com/flooring/store-tile/product/jhon-doe/index0dac.html]
[themes.webdevia.com/flooring/store-tile/product/jhon-doe/index0cb0.html]
[themes.webdevia.com/flooring/store-tile/product/jhon-doe/index303b.html]
[themes.webdevia.com/flooring/store-tile/wp-json/wp/v2/product/2901.json]
[themes.webdevia.com/flooring/store-tile/product/jhon-vladimir/feed/index.html]
[themes.webdevia.com/flooring/store-tile/wp-json/oembed/1.0/embedc0ed.json]
[themes.webdevia.com/flooring/store-tile/wp-json/oembed/1.0/embedab58]
[themes.webdevia.com/flooring/store-tile/wp-content/uploads/sites/4/2019/11/old-stone-floor.jpg]
[themes.webdevia.com/flooring/store-tile/wp-content/uploads/sites/4/2019/11/old-stone-floor-600x706.jpg]
[themes.webdevia.com/flooring/store-tile/product/jhon-vladimir/index.html]
[themes.webdevia.com/flooring/store-tile/index303b.html]
[themes.webdevia.com/flooring/store-tile/product/jhon-vladimir/indexb653.html]
[themes.webdevia.com/flooring/store-tile/product/jhon-vladimir/index63b7.html]
[themes.webdevia.com/flooring/store-tile/product/jhon-vladimir/index0cb0.html]
[themes.webdevia.com/flooring/store-tile/wp-json/wp/v2/posts/304.json]
[themes.webdevia.com/flooring/store-tile/2016/08/28/excepteur-sint-occaecat-cupidatat-non/feed/index.html]
[themes.webdevia.com/flooring/store-tile/wp-json/oembed/1.0/embed9e33.json]
[themes.webdevia.com/flooring/store-tile/wp-json/oembed/1.0/embed3d84]
[themes.webdevia.com/flooring/store-tile/2016/08/28/excepteur-sint-occaecat-cupidatat-non/root.14e.delayed]
[themes.webdevia.com/flooring/store-tile/2016/08/28/excepteur-sint-occaecat-cupidatat-non/index.html]
[themes.webdevia.com/flooring/store-tile/2016/05/09/hello-world-2/feed/index.html]
[themes.webdevia.com/flooring/store-tile/wp-json/wp/v2/posts/2295.json]
[themes.webdevia.com/flooring/store-tile/wp-json/oembed/1.0/embeda359.json]
[themes.webdevia.com/flooring/store-tile/wp-json/oembed/1.0/embed7973]
[themes.webdevia.com/flooring/store-tile/2016/05/09/hello-world-2/root.152.delayed]
[themes.webdevia.com/flooring/store-tile/2016/05/09/hello-world-2/index.html]
[themes.webdevia.com/flooring/store-tile/2014/08/28/dignissim-phasellus-ultrices-tellus/feed/index.html]
[themes.webdevia.com/flooring/store-tile/wp-json/wp/v2/posts/303.json]
[themes.webdevia.com/flooring/store-tile/wp-json/oembed/1.0/embede749.json]
[themes.webdevia.com/flooring/store-tile/wp-json/oembed/1.0/embedb807]
[themes.webdevia.com/flooring/store-tile/2014/08/28/dignissim-phasellus-ultrices-tellus/root]
[themes.webdevia.com/flooring/store-tile/2014/08/28/dignissim-phasellus-ultrices-tellus/index.html]
[themes.webdevia.com/flooring/store-tile/wp-json/wp/v2/pages/22.json]
[themes.webdevia.com/flooring/store-tile/wp-json/oembed/1.0/embed748c.json]
[themes.webdevia.com/flooring/store-tile/wp-json/oembed/1.0/embedb954]
[themes.webdevia.com/flooring/store-tile/wp-content/uploads/sites/4/2016/05/window-worker-800x450.jpg]
[themes.webdevia.com/flooring/store-tile/wp-content/uploads/sites/4/2014/08/team-12-100x100.jpg]
[themes.webdevia.com/flooring/store-tile/wp-content/uploads/sites/4/2014/08/team-11-100x100.jpg]
[themes.webdevia.com/flooring/store-tile/wp-content/uploads/sites/4/2016/05/logo-5-1.jpg]
[themes.webdevia.com/flooring/store-tile/wp-content/uploads/sites/4/2016/05/logo-6-1.jpg]
[themes.webdevia.com/flooring/store-tile/wp-content/uploads/sites/4/2016/05/logo-1-1.jpg]
[themes.webdevia.com/flooring/store-tile/wp-content/uploads/sites/4/2016/05/logo-2-1.jpg]
[themes.webdevia.com/flooring/store-tile/wp-content/uploads/sites/4/2016/05/logo-3-1.jpg]
[themes.webdevia.com/flooring/store-tile/wp-content/uploads/sites/4/2016/05/logo-4-1.jpg]
[themes.webdevia.com/flooring/store-tile/about/index.html]
[themes.webdevia.com/flooring/store-tile/wp-content/plugins/revslider/public/assets/fonts/revicons/revicons90c6.svg]
[themes.webdevia.com/flooring/store-tile/wp-content/plugins/revslider/public/assets/css/openhand.html]
[themes.webdevia.com/flooring/store-tile/wp-content/plugins/revslider/public/assets/css/closedhand.html]
[themes.webdevia.com/flooring/store-tile/wp-content/plugins/woocommerce/assets/fonts/star.svg]
[themes.webdevia.com/flooring/store-tile/wp-content/plugins/woocommerce/assets/fonts/WooCommerce.svg]
[themes.webdevia.com/flooring/store-tile/wp-content/plugins/woocommerce/assets/images/icons/loader.svg]
[themes.webdevia.com/flooring/store-tile/wp-content/plugins/woocommerce/assets/images/icons/credit-cards/visa.svg]
[themes.webdevia.com/flooring/store-tile/wp-content/plugins/woocommerce/assets/images/icons/credit-cards/mastercard.svg]
[themes.webdevia.com/flooring/store-tile/wp-content/plugins/woocommerce/assets/images/icons/credit-cards/laser.svg]
[themes.webdevia.com/flooring/store-tile/wp-content/plugins/woocommerce/assets/images/icons/credit-cards/diners.svg]
[themes.webdevia.com/flooring/store-tile/wp-content/plugins/woocommerce/assets/images/icons/credit-cards/maestro.svg]
[themes.webdevia.com/flooring/store-tile/wp-content/plugins/woocommerce/assets/images/icons/credit-cards/jcb.svg]
[themes.webdevia.com/flooring/store-tile/wp-content/plugins/woocommerce/assets/images/icons/credit-cards/amex.svg]
[themes.webdevia.com/flooring/store-tile/wp-content/plugins/woocommerce/assets/images/icons/credit-cards/discover.svg]
[themes.webdevia.com/flooring/store-tile/wp-content/themes/flooring/css/owl.video.play.html]
[themes.webdevia.com/flooring/store-tile/wp-content/themes/flooring/css/AjaxLoader.html]
[themes.webdevia.com/flooring/store-tile/wp-content/plugins/js_composer/assets/lib/vc_tabs/vc-tabs.min52c7.js]
[themes.webdevia.com/flooring/store-tile/wp-content/plugins/js_composer/assets/lib/bower/font-awesome/fonts/fontawesome-webfont3e6e.svg]
[themes.webdevia.com/flooring/store-tile/wp-content/themes/flooring/images/about-us.html]
[themes.webdevia.com/flooring/store-tile/wp-content/themes/flooring/images/contact.html]
[themes.webdevia.com/flooring/store-tile/wp-content/themes/flooring/images/clients-bg.html]
[themes.webdevia.com/flooring/store-tile/wp-content/themes/flooring/images/quote.svg]
[themes.webdevia.com/flooring/store-tile/wp-content/plugins/js_composer/assets/fonts/vc_icons_v2/fonts/vcpb-plugin-iconsb82a.svg]
[themes.webdevia.com/flooring/store-tile/wp-content/plugins/js_composer/assets/vc/blur.svg]
[themes.webdevia.com/flooring/store-tile/wp-content/plugins/js_composer/assets/fonts/vc_grid/vc_grid_v157a1.svg]
[themes.webdevia.com/flooring/store-tile/index9cc0.html]
[themes.webdevia.com/flooring/store-tile/index0aae.html]
[themes.webdevia.com/flooring/store-tile/index5023.html]
[themes.webdevia.com/flooring/store-tile/wp-content/plugins/js_composer/assets/css/js_composer_tta.min52c7.css]
[themes.webdevia.com/flooring/store-tile/indexa93b.html]
[themes.webdevia.com/flooring/store-tile/indexbebf.html]
[themes.webdevia.com/flooring/store-tile/index17b6.html]
[themes.webdevia.com/flooring/store-tile/indexe132.html]
[themes.webdevia.com/flooring/store-tile/index480b.html]
[themes.webdevia.com/flooring/store-tile/indexff64.html]
[themes.webdevia.com/flooring/store-tile/indexbd4e.html]
[themes.webdevia.com/flooring/store-tile/shop/index8c62.html]
[themes.webdevia.com/flooring/store-tile/shop/index63b7.html]
[themes.webdevia.com/flooring/store-tile/shop/index0dac.html]
[themes.webdevia.com/flooring/store-tile/shop/indexb653.html]
[themes.webdevia.com/flooring/store-tile/shop/index303b.html]
[themes.webdevia.com/flooring/store-tile/shop/index0cb0.html]
[themes.webdevia.com/flooring/store-tile/shop/indexcee8.html]
[themes.webdevia.com/flooring/store-tile/blog/root.html]
[themes.webdevia.com/flooring/store-tile/category/uncategorized/feed/index.html]
[themes.webdevia.com/flooring/store-tile/wp-json/wp/v2/categories/1.json]
[themes.webdevia.com/flooring/store-tile/category/uncategorized/root]
[themes.webdevia.com/flooring/store-tile/category/uncategorized/index.html]
[themes.webdevia.com/flooring/store-tile/wp-json/wp/v2/posts/305.json]
[themes.webdevia.com/flooring/store-tile/2014/08/28/aenean-nonummy-hendrerit-mauris/feed/index.html]
[themes.webdevia.com/flooring/store-tile/wp-json/oembed/1.0/embedecd8.json]
[themes.webdevia.com/flooring/store-tile/wp-json/oembed/1.0/embed1e84]
[themes.webdevia.com/flooring/store-tile/2014/08/28/aenean-nonummy-hendrerit-mauris/root]
[themes.webdevia.com/flooring/store-tile/2014/08/28/aenean-nonummy-hendrerit-mauris/index.html]
[themes.webdevia.com/flooring/store-tile/wp-json/wp/v2/posts/306.json]
[themes.webdevia.com/flooring/store-tile/2014/08/28/fusce-suscipit-varius-mi-cum-sociis/feed/index.html]
[themes.webdevia.com/flooring/store-tile/wp-json/oembed/1.0/embed7529.json]
[themes.webdevia.com/flooring/store-tile/wp-json/oembed/1.0/embed74c3]
[themes.webdevia.com/flooring/store-tile/2014/08/28/fusce-suscipit-varius-mi-cum-sociis/root]
[themes.webdevia.com/flooring/store-tile/2014/08/28/fusce-suscipit-varius-mi-cum-sociis/index.html]
[themes.webdevia.com/flooring/store-tile/wp-json/wp/v2/posts/307.json]
[themes.webdevia.com/flooring/store-tile/2014/08/28/cum-sociis-natoque-penatibus-et-magnis/feed/index.html]
[themes.webdevia.com/flooring/store-tile/wp-json/oembed/1.0/embed1377.json]
[themes.webdevia.com/flooring/store-tile/wp-json/oembed/1.0/embed2803]
[themes.webdevia.com/flooring/store-tile/2014/08/28/cum-sociis-natoque-penatibus-et-magnis/root]
[themes.webdevia.com/flooring/store-tile/2014/08/28/cum-sociis-natoque-penatibus-et-magnis/index.html]
[themes.webdevia.com/flooring/store-tile/wp-json/wp/v2/posts/282.json]
[themes.webdevia.com/flooring/store-tile/2014/08/28/massa-eu-blandit/feed/index.html]
[themes.webdevia.com/flooring/store-tile/wp-json/oembed/1.0/embed2d1a.json]
[themes.webdevia.com/flooring/store-tile/wp-json/oembed/1.0/embedd83b]
[themes.webdevia.com/flooring/store-tile/2014/08/28/massa-eu-blandit/root]
[themes.webdevia.com/flooring/store-tile/2014/08/28/massa-eu-blandit/index.html]
[themes.webdevia.com/flooring/store-tile/2016/08/root]
[themes.webdevia.com/flooring/store-tile/2016/08/index.html]
[themes.webdevia.com/flooring/store-tile/2016/05/root]
[themes.webdevia.com/flooring/store-tile/2016/05/index.html]
[themes.webdevia.com/flooring/store-tile/2014/08/root]
[themes.webdevia.com/flooring/store-tile/2014/08/index.html]
[themes.webdevia.com/flooring/store-tile/wp-includes/css/dashicons.mincfaa.css]
[themes.webdevia.com/flooring/store-tile/wp-includes/css/buttons.mincfaa.css]
[themes.webdevia.com/flooring/store-tile/wp-admin/css/forms.mincfaa.css]
[themes.webdevia.com/flooring/store-tile/wp-admin/css/l10n.mincfaa.css]
[themes.webdevia.com/flooring/store-tile/wp-admin/css/login.mincfaa.css]
[themes.webdevia.com/flooring/store-tile/wp-includes/js/zxcvbn-async.min5152.js]
[themes.webdevia.com/flooring/store-tile/wp-includes/js/dist/hooks.minc5c2.js]
[themes.webdevia.com/flooring/store-tile/my-account/lost-password/index.html]
[themes.webdevia.com/flooring/store-tile/wp-includes/js/dist/i18n.min802d.js]
[themes.webdevia.com/flooring/store-tile/wp-admin/js/password-strength-meter.mincfaa.js]
[themes.webdevia.com/flooring/store-tile/wp-includes/js/underscore.min4511.js]
[themes.webdevia.com/flooring/store-tile/wp-includes/js/wp-util.mincfaa.js]
[themes.webdevia.com/flooring/store-tile/wp-login.html]
[themes.webdevia.com/flooring/store-tile/index341b.html]
[themes.webdevia.com/flooring/store-tile/portfolio/nice-project/feed/index.html]
[themes.webdevia.com/flooring/store-tile/indexc9fb.html]
[themes.webdevia.com/flooring/store-tile/portfolio/cool-project/feed/index.html]
[themes.webdevia.com/flooring/store-tile/index38bf.html]
[themes.webdevia.com/flooring/store-tile/portfolio/awesome-projects/feed/index.html]
[themes.webdevia.com/flooring/store-tile/index5cd0.html]
[themes.webdevia.com/flooring/store-tile/portfolio/aenean-auctor-laoreet-2/feed/index.html]
[themes.webdevia.com/flooring/store-tile/index0364.html]
[themes.webdevia.com/flooring/store-tile/portfolio/brandon-smith-2/feed/index.html]
[themes.webdevia.com/flooring/store-tile/index481e.html]
[themes.webdevia.com/flooring/store-tile/portfolio/morbi-non-sem-a-lacus-porta-3/feed/index.html]
[themes.webdevia.com/flooring/store-tile/indexeffc.html]
[themes.webdevia.com/flooring/store-tile/wp-admin/js/user-profile.mincfaa.js]
[themes.webdevia.com/flooring/store-tile/wp-content/plugins/woocommerce/assets/css/photoswipe/default-skin/default-skin.png]
[themes.webdevia.com/flooring/store-tile/wp-content/plugins/woocommerce/assets/css/photoswipe/photoswipe.min1852.css]
[themes.webdevia.com/flooring/store-tile/wp-content/plugins/woocommerce/assets/css/photoswipe/default-skin/default-skin.svg]
[themes.webdevia.com/flooring/store-tile/wp-content/plugins/woocommerce/assets/css/photoswipe/default-skin/preloader.gif]
[themes.webdevia.com/flooring/store-tile/wp-content/plugins/woocommerce/assets/css/photoswipe/default-skin/default-skin.min1852.css]
[themes.webdevia.com/flooring/store-tile/index4360.html]
[themes.webdevia.com/flooring/store-tile/product-category/uncategorized/index.html]
[themes.webdevia.com/flooring/store-tile/product-category/uncategorized/feed/index.html]
[themes.webdevia.com/flooring/store-tile/product/jhon-doe-copy/index63b7.html]
[themes.webdevia.com/flooring/store-tile/product-category/uncategorized/index63b7.html]
[themes.webdevia.com/flooring/store-tile/product-category/uncategorized/index8c62.html]
[themes.webdevia.com/flooring/store-tile/product/jhon-doe-copy/indexcee8.html]
[themes.webdevia.com/flooring/store-tile/product-category/uncategorized/index0dac.html]
[themes.webdevia.com/flooring/store-tile/product-category/uncategorized/indexb653.html]
[themes.webdevia.com/flooring/store-tile/product/jhon-doe-copy/indexb653.html]
[themes.webdevia.com/flooring/store-tile/product-category/uncategorized/index0cb0.html]
[themes.webdevia.com/flooring/store-tile/product-category/uncategorized/index303b.html]
[themes.webdevia.com/flooring/store-tile/product-category/uncategorized/indexcee8.html]
[themes.webdevia.com/flooring/store-tile/index4cfe.html]
[themes.webdevia.com/flooring/store-tile/product/smoke-gray-long/index303b.html]
[themes.webdevia.com/flooring/store-tile/product/jhon-doe-copy/index8c62.html]
[themes.webdevia.com/flooring/store-tile/product/smoke-gray-long/index8c62.html]
[themes.webdevia.com/flooring/store-tile/product/smoke-gray-long/indexcee8.html]
[themes.webdevia.com/flooring/store-tile/product/smoke-gray-long/indexb653.html]
[themes.webdevia.com/flooring/store-tile/product/jhon-doe-copy/index0cb0.html]
[themes.webdevia.com/flooring/store-tile/index7174.html]
[themes.webdevia.com/flooring/store-tile/product/smoke-gray-long/index63b7.html]
[themes.webdevia.com/flooring/store-tile/product/smoke-gray-long/index0dac.html]
[themes.webdevia.com/flooring/store-tile/product/jhon-doe-copy/index303b.html]
[themes.webdevia.com/flooring/store-tile/wp-content/plugins/woocommerce/assets/css/select21852.css]
[themes.webdevia.com/flooring/store-tile/wp-json/wp/v2/pages/1375.json]
[themes.webdevia.com/flooring/store-tile/wp-json/oembed/1.0/embed226b.json]
[themes.webdevia.com/flooring/store-tile/wp-json/oembed/1.0/embed8bb1]
[themes.webdevia.com/flooring/store-tile/wp-content/plugins/woocommerce/assets/js/frontend/country-select.min1852.js]
[themes.webdevia.com/flooring/store-tile/wp-content/plugins/woocommerce/assets/js/frontend/address-i18n.min1852.js]
[themes.webdevia.com/flooring/store-tile/wp-content/plugins/woocommerce/assets/js/frontend/cart.min1852.js]
[themes.webdevia.com/flooring/store-tile/cart/index.html]
[themes.webdevia.com/flooring/store-tile/product/bathroom-gray/indexb653.html]
[themes.webdevia.com/flooring/store-tile/product/bathroom-gray/index0dac.html]
[themes.webdevia.com/flooring/store-tile/wp-content/plugins/woocommerce/assets/js/selectWoo/selectWoo.full.min0ba6.js]
[themes.webdevia.com/flooring/store-tile/product/bathroom-gray/index63b7.html]
[themes.webdevia.com/flooring/store-tile/index956a.html]
[themes.webdevia.com/flooring/store-tile/product/smoke-kitchen/index8c62.html]
[themes.webdevia.com/flooring/store-tile/product/bathroom-gray/index303b.html]
[themes.webdevia.com/flooring/store-tile/product/smoke-kitchen/indexb653.html]
[themes.webdevia.com/flooring/store-tile/product/smoke-kitchen/index0cb0.html]
[themes.webdevia.com/flooring/store-tile/product/bathroom-gray/indexcee8.html]
[themes.webdevia.com/flooring/store-tile/product/bathroom-gray/index0cb0.html]
[themes.webdevia.com/flooring/store-tile/product/smoke-kitchen/indexcee8.html]
[themes.webdevia.com/flooring/store-tile/product/smoke-kitchen/index0dac.html]
[themes.webdevia.com/flooring/store-tile/indexdb05.html]
[themes.webdevia.com/flooring/store-tile/product/jhon-vladimir-copy-2/indexb653.html]
[themes.webdevia.com/flooring/store-tile/product/smoke-kitchen/index63b7.html]
[themes.webdevia.com/flooring/store-tile/product/jhon-vladimir-copy-2/index0cb0.html]
[themes.webdevia.com/flooring/store-tile/product/jhon-vladimir-copy-2/index303b.html]
[themes.webdevia.com/flooring/store-tile/product/smoke-kitchen/index303b.html]
[themes.webdevia.com/flooring/store-tile/indexa460.html]
[themes.webdevia.com/flooring/store-tile/product/jhon-vladimir-copy/index303b.html]
[themes.webdevia.com/flooring/store-tile/product/jhon-vladimir-copy-2/index8c62.html]
[themes.webdevia.com/flooring/store-tile/product/jhon-vladimir-copy-2/index63b7.html]
[themes.webdevia.com/flooring/store-tile/product/jhon-vladimir-copy/indexb653.html]
[themes.webdevia.com/flooring/store-tile/product/jhon-vladimir-copy/index0cb0.html]
[themes.webdevia.com/flooring/store-tile/product/jhon-vladimir-copy-2/index0dac.html]
[themes.webdevia.com/flooring/store-tile/indexa2d4.html]
[themes.webdevia.com/flooring/store-tile/product/jhon-vladimir-copy/indexcee8.html]
[themes.webdevia.com/flooring/store-tile/product/jhon-doe/index303b.html]
[themes.webdevia.com/flooring/store-tile/product/jhon-doe/index0dac.html]
[themes.webdevia.com/flooring/store-tile/product/jhon-doe/indexcee8.html]
[themes.webdevia.com/flooring/store-tile/product/jhon-vladimir-copy/index0dac.html]
[themes.webdevia.com/flooring/store-tile/product/jhon-vladimir-copy/index8c62.html]
[themes.webdevia.com/flooring/store-tile/product/jhon-doe/index0cb0.html]
[themes.webdevia.com/flooring/store-tile/index0d26.html]
[themes.webdevia.com/flooring/store-tile/product/jhon-vladimir/index63b7.html]
[themes.webdevia.com/flooring/store-tile/product/jhon-vladimir/indexb653.html]
[themes.webdevia.com/flooring/store-tile/product/jhon-doe/index8c62.html]
[themes.webdevia.com/flooring/store-tile/product/jhon-vladimir/index0cb0.html]
[themes.webdevia.com/flooring/store-tile/indexdd01.html]
[themes.webdevia.com/flooring/store-tile/2016/08/28/excepteur-sint-occaecat-cupidatat-non/root.html]
[themes.webdevia.com/flooring/store-tile/indexdfba.html]
[themes.webdevia.com/flooring/store-tile/2016/05/09/hello-world-2/root.html]
[themes.webdevia.com/flooring/store-tile/indexa853.html]
[themes.webdevia.com/flooring/store-tile/2014/08/28/dignissim-phasellus-ultrices-tellus/root.html]
[themes.webdevia.com/flooring/store-tile/index0345.html]
[themes.webdevia.com/flooring/store-tile/category/uncategorized/root.html]
[themes.webdevia.com/flooring/store-tile/index4720.html]
[themes.webdevia.com/flooring/store-tile/2014/08/28/aenean-nonummy-hendrerit-mauris/root.html]
[themes.webdevia.com/flooring/store-tile/indexf167.html]
[themes.webdevia.com/flooring/store-tile/2014/08/28/fusce-suscipit-varius-mi-cum-sociis/root.html]
[themes.webdevia.com/flooring/store-tile/index2915.html]
[themes.webdevia.com/flooring/store-tile/2014/08/28/cum-sociis-natoque-penatibus-et-magnis/root.html]
[themes.webdevia.com/flooring/store-tile/indexa8da.html]
[themes.webdevia.com/flooring/store-tile/2014/08/28/massa-eu-blandit/root.html]
[themes.webdevia.com/flooring/store-tile/2016/08/root.html]
[themes.webdevia.com/flooring/store-tile/2016/05/root.html]
[themes.webdevia.com/flooring/store-tile/2014/08/root.html]
[themes.webdevia.com/flooring/store-tile/product/jhon-doe/index63b7.html]
[themes.webdevia.com/flooring/store-tile/product/jhon-vladimir/index0dac.html]
[themes.webdevia.com/flooring/store-tile/product/jhon-vladimir/indexcee8.html]
[themes.webdevia.com/flooring/store-tile/wp-includes/fonts/dashicons7d4b.eot]
[themes.webdevia.com/flooring/store-tile/wp-includes/css/dashicons.mincfaa.css]
[themes.webdevia.com/flooring/store-tile/wp-includes/css/buttons.mincfaa.css]
[themes.webdevia.com/flooring/store-tile/wp-includes/fonts/dashicons7d4b.ttf]
[themes.webdevia.com/flooring/store-tile/wp-admin/images/loading.gif]
[themes.webdevia.com/flooring/store-tile/wp-admin/css/forms.mincfaa.css]
[themes.webdevia.com/flooring/store-tile/wp-admin/css/l10n.mincfaa.css]
[themes.webdevia.com/flooring/store-tile/wp-admin/images/w-logo-blue7a53.png]
[themes.webdevia.com/flooring/store-tile/wp-admin/css/login.mincfaa.css]
[themes.webdevia.com/flooring/store-tile/wp-admin/images/wordpress-logo7d6b.svg]
[themes.webdevia.com/flooring/store-tile/wp-json/wp/v2/pages/1377.json]
[themes.webdevia.com/flooring/store-tile/wp-json/oembed/1.0/embed49b7.json]
[themes.webdevia.com/flooring/store-tile/my-account/index.html]
[themes.webdevia.com/flooring/store-tile/wp-json/oembed/1.0/embedbe43]
[themes.webdevia.com/flooring/store-tile/wp-content/plugins/woocommerce/assets/js/frontend/password-strength-meter.min1852.js]
[themes.webdevia.com/flooring/store-tile/my-account/lost-password/index.html]
[themes.webdevia.com/flooring/store-tile/wp-content/plugins/woocommerce/assets/css/photoswipe/default-skin/default-skin.svg]
[themes.webdevia.com/flooring/store-tile/product-category/uncategorized/index8c62.html]
[themes.webdevia.com/flooring/store-tile/product-category/uncategorized/index63b7.html]
[themes.webdevia.com/flooring/store-tile/product-category/uncategorized/index0dac.html]
[themes.webdevia.com/flooring/store-tile/product-category/uncategorized/indexb653.html]
[themes.webdevia.com/flooring/store-tile/product-category/uncategorized/index303b.html]
[themes.webdevia.com/flooring/store-tile/product-category/uncategorized/index0cb0.html]
[themes.webdevia.com/flooring/store-tile/product-category/uncategorized/indexcee8.html]
[themes.webdevia.com/flooring/store-tile/product/jhon-doe-copy/index8c62.html]
[themes.webdevia.com/flooring/store-tile/product/jhon-doe-copy/index0cb0.html]
[themes.webdevia.com/flooring/store-tile/product/jhon-doe-copy/index303b.html]
[themes.webdevia.com/flooring/store-tile/product/smoke-gray-long/index0dac.html]
[themes.webdevia.com/flooring/store-tile/product/smoke-gray-long/index63b7.html]
[themes.webdevia.com/flooring/store-tile/wp-content/plugins/woocommerce/assets/css/select21852.css]
[themes.webdevia.com/flooring/store-tile/index3661.html]
[themes.webdevia.com/flooring/store-tile/cart/index62a5.html]
[themes.webdevia.com/flooring/store-tile/cart/indexed66.html]
[themes.webdevia.com/flooring/store-tile/cart/index0c5e.html]
[themes.webdevia.com/flooring/store-tile/cart/indexe9b7.html]
[themes.webdevia.com/flooring/store-tile/cart/index63ee.html]
[themes.webdevia.com/flooring/store-tile/cart/index5b0d.html]
[themes.webdevia.com/flooring/store-tile/cart/index021f.html]
[themes.webdevia.com/flooring/store-tile/checkout/index.html]
[themes.webdevia.com/flooring/store-tile/wp-content/plugins/woocommerce/assets/js/frontend/lost-password.min1852.js]
[themes.webdevia.com/flooring/store-tile/product/bathroom-gray/indexcee8.html]
[themes.webdevia.com/flooring/store-tile/cart/indexaafe.html]
[themes.webdevia.com/flooring/store-tile/product/bathroom-gray/index303b.html]
[themes.webdevia.com/flooring/store-tile/product/bathroom-gray/index0cb0.html]
[themes.webdevia.com/flooring/store-tile/product/smoke-kitchen/indexb653.html]
[themes.webdevia.com/flooring/store-tile/product/smoke-kitchen/index63b7.html]
[themes.webdevia.com/flooring/store-tile/product/smoke-kitchen/index303b.html]
[themes.webdevia.com/flooring/store-tile/product/jhon-vladimir-copy-2/index63b7.html]
[themes.webdevia.com/flooring/store-tile/product/jhon-vladimir-copy-2/index8c62.html]
[themes.webdevia.com/flooring/store-tile/product/jhon-vladimir-copy-2/index0dac.html]
[themes.webdevia.com/flooring/store-tile/product/jhon-vladimir-copy/indexcee8.html]
[themes.webdevia.com/flooring/store-tile/product/jhon-vladimir-copy/index0dac.html]
[themes.webdevia.com/flooring/store-tile/product/jhon-vladimir-copy/index8c62.html]
[themes.webdevia.com/flooring/store-tile/product/jhon-doe/index8c62.html]
[themes.webdevia.com/flooring/store-tile/product/jhon-doe/index63b7.html]
[themes.webdevia.com/flooring/store-tile/product/jhon-vladimir/index0dac.html]
[themes.webdevia.com/flooring/store-tile/product/jhon-vladimir/indexcee8.html]
[themes.webdevia.com/flooring/store-tile/product/jhon-vladimir/index8c62.html]
[themes.webdevia.com/flooring/store-tile/wp-admin/images/wordpress-logo7d6b.svg]
[themes.webdevia.com/flooring/store-tile/my-account/index.html]
[themes.webdevia.com/flooring/store-tile/index91ff.html]
[themes.webdevia.com/flooring/store-tile/cart/indexaafe.html]
[themes.webdevia.com/flooring/store-tile/cart/index8c5a.html]
[themes.webdevia.com/flooring/store-tile/cart/index84d9.html]
[themes.webdevia.com/flooring/store-tile/cart/index633b.html]
[themes.webdevia.com/flooring/store-tile/cart/indexd040.html]
[themes.webdevia.com/flooring/store-tile/cart/index9734.html]
[themes.webdevia.com/flooring/store-tile/cart/index258a.html]
[themes.webdevia.com/flooring/store-tile/cart/index2320.html]
[themes.webdevia.com/flooring/store-tile/product/jhon-vladimir/index8c62.html]
